{"C:\\Users\\kmtgm\\Downloads\\Project\\Job Hunt\\Leogics\\backend\\src\\config\\db.ts": {"path":"C:\\Users\\kmtgm\\Downloads\\Project\\Job Hunt\\Leogics\\backend\\src\\config\\db.ts","statementMap":{"0":{"start":{"line":1,"column":0},"end":{"line":1,"column":38}},"1":{"start":{"line":2,"column":0},"end":{"line":2,"column":22}},"2":{"start":{"line":4,"column":13},"end":{"line":13,"column":2}},"3":{"start":{"line":15,"column":28},"end":{"line":22,"column":2}},"4":{"start":{"line":15,"column":39},"end":{"line":22,"column":2}},"5":{"start":{"line":16,"column":2},"end":{"line":21,"column":3}},"6":{"start":{"line":17,"column":4},"end":{"line":17,"column":35}},"7":{"start":{"line":19,"column":4},"end":{"line":19,"column":63}},"8":{"start":{"line":20,"column":4},"end":{"line":20,"column":20}},"9":{"start":{"line":15,"column":13},"end":{"line":15,"column":28}}},"fnMap":{"0":{"name":"(anonymous_7)","decl":{"start":{"line":15,"column":28},"end":{"line":15,"column":37}},"loc":{"start":{"line":15,"column":39},"end":{"line":22,"column":2}}},"1":{"name":"(anonymous_8)","decl":{"start":{"line":15,"column":39},"end":{"line":15,"column":null}},"loc":{"start":{"line":15,"column":39},"end":{"line":22,"column":1}}}},"branchMap":{},"s":{"0":5,"1":5,"2":5,"3":5,"4":0,"5":0,"6":0,"7":0,"8":0,"9":5},"f":{"0":0,"1":0},"b":{}}
,"C:\\Users\\kmtgm\\Downloads\\Project\\Job Hunt\\Leogics\\backend\\src\\config\\env.config.ts": {"path":"C:\\Users\\kmtgm\\Downloads\\Project\\Job Hunt\\Leogics\\backend\\src\\config\\env.config.ts","statementMap":{"0":{"start":{"line":1,"column":0},"end":{"line":1,"column":24}},"1":{"start":{"line":2,"column":0},"end":{"line":2,"column":28}},"2":{"start":{"line":4,"column":0},"end":{"line":4,"column":63}}},"fnMap":{},"branchMap":{},"s":{"0":5,"1":5,"2":5},"f":{},"b":{}}
,"C:\\Users\\kmtgm\\Downloads\\Project\\Job Hunt\\Leogics\\backend\\src\\models\\complaint.model.ts": {"path":"C:\\Users\\kmtgm\\Downloads\\Project\\Job Hunt\\Leogics\\backend\\src\\models\\complaint.model.ts","statementMap":{"0":{"start":{"line":1,"column":0},"end":{"line":1,"column":55}},"1":{"start":{"line":2,"column":0},"end":{"line":2,"column":41}},"2":{"start":{"line":66,"column":0},"end":{"line":66,"column":13}},"3":{"start":{"line":79,"column":0},"end":{"line":112,"column":2}},"4":{"start":{"line":114,"column":0},"end":{"line":114,"column":30}}},"fnMap":{},"branchMap":{},"s":{"0":5,"1":5,"2":5,"3":5,"4":5},"f":{},"b":{}}
,"C:\\Users\\kmtgm\\Downloads\\Project\\Job Hunt\\Leogics\\backend\\src\\repository\\complaint.repository.ts": {"path":"C:\\Users\\kmtgm\\Downloads\\Project\\Job Hunt\\Leogics\\backend\\src\\repository\\complaint.repository.ts","statementMap":{"0":{"start":{"line":2,"column":0},"end":{"line":2,"column":null}},"1":{"start":{"line":8,"column":38},"end":{"line":16,"column":2}},"2":{"start":{"line":10,"column":4},"end":{"line":16,"column":2}},"3":{"start":{"line":11,"column":2},"end":{"line":15,"column":3}},"4":{"start":{"line":12,"column":4},"end":{"line":12,"column":42}},"5":{"start":{"line":14,"column":4},"end":{"line":14,"column":16}},"6":{"start":{"line":8,"column":13},"end":{"line":8,"column":38}},"7":{"start":{"line":19,"column":38},"end":{"line":27,"column":2}},"8":{"start":{"line":21,"column":41},"end":{"line":27,"column":2}},"9":{"start":{"line":22,"column":2},"end":{"line":26,"column":3}},"10":{"start":{"line":23,"column":4},"end":{"line":23,"column":45}},"11":{"start":{"line":25,"column":4},"end":{"line":25,"column":16}},"12":{"start":{"line":19,"column":13},"end":{"line":19,"column":38}},"13":{"start":{"line":30,"column":35},"end":{"line":39,"column":2}},"14":{"start":{"line":32,"column":34},"end":{"line":39,"column":2}},"15":{"start":{"line":33,"column":2},"end":{"line":38,"column":3}},"16":{"start":{"line":34,"column":4},"end":{"line":34,"column":45}},"17":{"start":{"line":37,"column":4},"end":{"line":37,"column":null}},"18":{"start":{"line":30,"column":13},"end":{"line":30,"column":35}},"19":{"start":{"line":42,"column":35},"end":{"line":55,"column":2}},"20":{"start":{"line":45,"column":41},"end":{"line":55,"column":2}},"21":{"start":{"line":46,"column":2},"end":{"line":54,"column":3}},"22":{"start":{"line":47,"column":26},"end":{"line":49,"column":6}},"23":{"start":{"line":51,"column":4},"end":{"line":51,"column":45}},"24":{"start":{"line":53,"column":4},"end":{"line":53,"column":16}},"25":{"start":{"line":42,"column":13},"end":{"line":42,"column":35}},"26":{"start":{"line":58,"column":37},"end":{"line":64,"column":2}},"27":{"start":{"line":58,"column":73},"end":{"line":64,"column":2}},"28":{"start":{"line":59,"column":2},"end":{"line":63,"column":3}},"29":{"start":{"line":60,"column":4},"end":{"line":60,"column":52}},"30":{"start":{"line":62,"column":4},"end":{"line":62,"column":16}},"31":{"start":{"line":58,"column":13},"end":{"line":58,"column":37}}},"fnMap":{"0":{"name":"(anonymous_8)","decl":{"start":{"line":8,"column":38},"end":{"line":8,"column":null}},"loc":{"start":{"line":10,"column":4},"end":{"line":16,"column":2}}},"1":{"name":"(anonymous_9)","decl":{"start":{"line":10,"column":4},"end":{"line":10,"column":null}},"loc":{"start":{"line":10,"column":4},"end":{"line":16,"column":1}}},"2":{"name":"(anonymous_10)","decl":{"start":{"line":19,"column":38},"end":{"line":19,"column":null}},"loc":{"start":{"line":21,"column":41},"end":{"line":27,"column":2}}},"3":{"name":"(anonymous_11)","decl":{"start":{"line":21,"column":41},"end":{"line":21,"column":null}},"loc":{"start":{"line":21,"column":41},"end":{"line":27,"column":1}}},"4":{"name":"(anonymous_12)","decl":{"start":{"line":30,"column":35},"end":{"line":30,"column":null}},"loc":{"start":{"line":32,"column":34},"end":{"line":39,"column":2}}},"5":{"name":"(anonymous_13)","decl":{"start":{"line":32,"column":34},"end":{"line":32,"column":null}},"loc":{"start":{"line":32,"column":34},"end":{"line":39,"column":1}}},"6":{"name":"(anonymous_14)","decl":{"start":{"line":42,"column":35},"end":{"line":42,"column":null}},"loc":{"start":{"line":45,"column":41},"end":{"line":55,"column":2}}},"7":{"name":"(anonymous_15)","decl":{"start":{"line":45,"column":41},"end":{"line":45,"column":null}},"loc":{"start":{"line":45,"column":41},"end":{"line":55,"column":1}}},"8":{"name":"(anonymous_16)","decl":{"start":{"line":58,"column":37},"end":{"line":58,"column":44}},"loc":{"start":{"line":58,"column":73},"end":{"line":64,"column":2}}},"9":{"name":"(anonymous_17)","decl":{"start":{"line":58,"column":73},"end":{"line":58,"column":null}},"loc":{"start":{"line":58,"column":73},"end":{"line":64,"column":1}}}},"branchMap":{},"s":{"0":5,"1":5,"2":2,"3":2,"4":2,"5":1,"6":5,"7":5,"8":3,"9":3,"10":3,"11":1,"12":5,"13":5,"14":2,"15":2,"16":2,"17":1,"18":5,"19":5,"20":3,"21":3,"22":3,"23":2,"24":1,"25":5,"26":5,"27":2,"28":2,"29":2,"30":1,"31":5},"f":{"0":2,"1":2,"2":3,"3":3,"4":2,"5":2,"6":3,"7":3,"8":2,"9":2},"b":{}}
}
