{"C:\\Users\\kmtgm\\Downloads\\Project\\Job Hunt\\Leogics\\backend\\src\\config\\db.ts": {"path":"C:\\Users\\kmtgm\\Downloads\\Project\\Job Hunt\\Leogics\\backend\\src\\config\\db.ts","statementMap":{"0":{"start":{"line":1,"column":0},"end":{"line":1,"column":38}},"1":{"start":{"line":2,"column":0},"end":{"line":2,"column":21}},"2":{"start":{"line":4,"column":13},"end":{"line":13,"column":2}},"3":{"start":{"line":15,"column":28},"end":{"line":21,"column":2}},"4":{"start":{"line":15,"column":39},"end":{"line":21,"column":2}},"5":{"start":{"line":16,"column":2},"end":{"line":20,"column":3}},"6":{"start":{"line":17,"column":4},"end":{"line":17,"column":35}},"7":{"start":{"line":19,"column":4},"end":{"line":19,"column":20}},"8":{"start":{"line":15,"column":13},"end":{"line":15,"column":28}}},"fnMap":{"0":{"name":"(anonymous_7)","decl":{"start":{"line":15,"column":28},"end":{"line":15,"column":37}},"loc":{"start":{"line":15,"column":39},"end":{"line":21,"column":2}}},"1":{"name":"(anonymous_8)","decl":{"start":{"line":15,"column":39},"end":{"line":15,"column":null}},"loc":{"start":{"line":15,"column":39},"end":{"line":21,"column":1}}}},"branchMap":{},"s":{"0":1,"1":1,"2":1,"3":1,"4":0,"5":0,"6":0,"7":0,"8":1},"f":{"0":0,"1":0},"b":{}}
,"C:\\Users\\kmtgm\\Downloads\\Project\\Job Hunt\\Leogics\\backend\\src\\config\\env.config.ts": {"path":"C:\\Users\\kmtgm\\Downloads\\Project\\Job Hunt\\Leogics\\backend\\src\\config\\env.config.ts","statementMap":{"0":{"start":{"line":1,"column":0},"end":{"line":1,"column":24}},"1":{"start":{"line":2,"column":0},"end":{"line":2,"column":28}},"2":{"start":{"line":4,"column":0},"end":{"line":4,"column":63}}},"fnMap":{},"branchMap":{},"s":{"0":1,"1":1,"2":1},"f":{},"b":{}}
,"C:\\Users\\kmtgm\\Downloads\\Project\\Job Hunt\\Leogics\\backend\\src\\models\\complaint.model.ts": {"path":"C:\\Users\\kmtgm\\Downloads\\Project\\Job Hunt\\Leogics\\backend\\src\\models\\complaint.model.ts","statementMap":{"0":{"start":{"line":1,"column":0},"end":{"line":1,"column":55}},"1":{"start":{"line":2,"column":0},"end":{"line":2,"column":41}},"2":{"start":{"line":66,"column":0},"end":{"line":66,"column":13}},"3":{"start":{"line":79,"column":0},"end":{"line":112,"column":2}},"4":{"start":{"line":114,"column":0},"end":{"line":114,"column":30}}},"fnMap":{},"branchMap":{},"s":{"0":1,"1":1,"2":1,"3":1,"4":1},"f":{},"b":{}}
,"C:\\Users\\kmtgm\\Downloads\\Project\\Job Hunt\\Leogics\\backend\\src\\repository\\complaint.repository.ts": {"path":"C:\\Users\\kmtgm\\Downloads\\Project\\Job Hunt\\Leogics\\backend\\src\\repository\\complaint.repository.ts","statementMap":{"0":{"start":{"line":1,"column":0},"end":{"line":1,"column":null}},"1":{"start":{"line":7,"column":38},"end":{"line":11,"column":2}},"2":{"start":{"line":9,"column":4},"end":{"line":11,"column":2}},"3":{"start":{"line":10,"column":2},"end":{"line":10,"column":40}},"4":{"start":{"line":7,"column":13},"end":{"line":7,"column":38}},"5":{"start":{"line":14,"column":38},"end":{"line":18,"column":2}},"6":{"start":{"line":16,"column":41},"end":{"line":18,"column":2}},"7":{"start":{"line":17,"column":2},"end":{"line":17,"column":43}},"8":{"start":{"line":14,"column":13},"end":{"line":14,"column":38}},"9":{"start":{"line":21,"column":35},"end":{"line":25,"column":2}},"10":{"start":{"line":23,"column":34},"end":{"line":25,"column":2}},"11":{"start":{"line":24,"column":2},"end":{"line":24,"column":43}},"12":{"start":{"line":21,"column":13},"end":{"line":21,"column":35}},"13":{"start":{"line":28,"column":35},"end":{"line":38,"column":2}},"14":{"start":{"line":31,"column":41},"end":{"line":38,"column":2}},"15":{"start":{"line":32,"column":24},"end":{"line":34,"column":4}},"16":{"start":{"line":37,"column":2},"end":{"line":37,"column":43}},"17":{"start":{"line":28,"column":13},"end":{"line":28,"column":35}},"18":{"start":{"line":41,"column":37},"end":{"line":43,"column":2}},"19":{"start":{"line":41,"column":73},"end":{"line":43,"column":2}},"20":{"start":{"line":42,"column":2},"end":{"line":42,"column":50}},"21":{"start":{"line":41,"column":13},"end":{"line":41,"column":37}}},"fnMap":{"0":{"name":"(anonymous_8)","decl":{"start":{"line":7,"column":38},"end":{"line":7,"column":null}},"loc":{"start":{"line":9,"column":4},"end":{"line":11,"column":2}}},"1":{"name":"(anonymous_9)","decl":{"start":{"line":9,"column":4},"end":{"line":9,"column":null}},"loc":{"start":{"line":9,"column":4},"end":{"line":11,"column":1}}},"2":{"name":"(anonymous_10)","decl":{"start":{"line":14,"column":38},"end":{"line":14,"column":null}},"loc":{"start":{"line":16,"column":41},"end":{"line":18,"column":2}}},"3":{"name":"(anonymous_11)","decl":{"start":{"line":16,"column":41},"end":{"line":16,"column":null}},"loc":{"start":{"line":16,"column":41},"end":{"line":18,"column":1}}},"4":{"name":"(anonymous_12)","decl":{"start":{"line":21,"column":35},"end":{"line":21,"column":null}},"loc":{"start":{"line":23,"column":34},"end":{"line":25,"column":2}}},"5":{"name":"(anonymous_13)","decl":{"start":{"line":23,"column":34},"end":{"line":23,"column":null}},"loc":{"start":{"line":23,"column":34},"end":{"line":25,"column":1}}},"6":{"name":"(anonymous_14)","decl":{"start":{"line":28,"column":35},"end":{"line":28,"column":null}},"loc":{"start":{"line":31,"column":41},"end":{"line":38,"column":2}}},"7":{"name":"(anonymous_15)","decl":{"start":{"line":31,"column":41},"end":{"line":31,"column":null}},"loc":{"start":{"line":31,"column":41},"end":{"line":38,"column":1}}},"8":{"name":"(anonymous_16)","decl":{"start":{"line":41,"column":37},"end":{"line":41,"column":44}},"loc":{"start":{"line":41,"column":73},"end":{"line":43,"column":2}}},"9":{"name":"(anonymous_17)","decl":{"start":{"line":41,"column":73},"end":{"line":41,"column":null}},"loc":{"start":{"line":41,"column":73},"end":{"line":43,"column":1}}}},"branchMap":{},"s":{"0":1,"1":1,"2":0,"3":0,"4":1,"5":1,"6":0,"7":0,"8":1,"9":1,"10":0,"11":0,"12":1,"13":1,"14":0,"15":0,"16":0,"17":1,"18":1,"19":0,"20":0,"21":1},"f":{"0":0,"1":0,"2":0,"3":0,"4":0,"5":0,"6":0,"7":0,"8":0,"9":0},"b":{}}
,"C:\\Users\\kmtgm\\Downloads\\Project\\Job Hunt\\Leogics\\backend\\src\\services\\complaint.service.ts": {"path":"C:\\Users\\kmtgm\\Downloads\\Project\\Job Hunt\\Leogics\\backend\\src\\services\\complaint.service.ts","statementMap":{"0":{"start":{"line":7,"column":0},"end":{"line":7,"column":null}},"1":{"start":{"line":15,"column":0},"end":{"line":15,"column":26}},"2":{"start":{"line":24,"column":2},"end":{"line":39,"column":3}},"3":{"start":{"line":25,"column":21},"end":{"line":30,"column":null}},"4":{"start":{"line":32,"column":4},"end":{"line":32,"column":25}},"5":{"start":{"line":38,"column":4},"end":{"line":38,"column":null}},"6":{"start":{"line":43,"column":32},"end":{"line":66,"column":2}},"7":{"start":{"line":43,"column":65},"end":{"line":66,"column":2}},"8":{"start":{"line":44,"column":2},"end":{"line":65,"column":3}},"9":{"start":{"line":45,"column":29},"end":{"line":45,"column":59}},"10":{"start":{"line":48,"column":36},"end":{"line":56,"column":null}},"11":{"start":{"line":49,"column":71},"end":{"line":56,"column":8}},"12":{"start":{"line":59,"column":4},"end":{"line":59,"column":22}},"13":{"start":{"line":61,"column":4},"end":{"line":61,"column":59}},"14":{"start":{"line":62,"column":4},"end":{"line":64,"column":6}},"15":{"start":{"line":43,"column":13},"end":{"line":43,"column":32}},"16":{"start":{"line":69,"column":32},"end":{"line":96,"column":2}},"17":{"start":{"line":71,"column":31},"end":{"line":96,"column":2}},"18":{"start":{"line":72,"column":2},"end":{"line":95,"column":3}},"19":{"start":{"line":73,"column":28},"end":{"line":73,"column":60}},"20":{"start":{"line":75,"column":4},"end":{"line":78,"column":5}},"21":{"start":{"line":77,"column":6},"end":{"line":77,"column":18}},"22":{"start":{"line":80,"column":33},"end":{"line":87,"column":6}},"23":{"start":{"line":89,"column":4},"end":{"line":89,"column":21}},"24":{"start":{"line":91,"column":4},"end":{"line":91,"column":54}},"25":{"start":{"line":92,"column":4},"end":{"line":94,"column":6}},"26":{"start":{"line":69,"column":13},"end":{"line":69,"column":32}},"27":{"start":{"line":98,"column":31},"end":{"line":120,"column":2}},"28":{"start":{"line":100,"column":31},"end":{"line":120,"column":2}},"29":{"start":{"line":101,"column":2},"end":{"line":119,"column":3}},"30":{"start":{"line":102,"column":27},"end":{"line":102,"column":63}},"31":{"start":{"line":104,"column":4},"end":{"line":106,"column":5}},"32":{"start":{"line":105,"column":6},"end":{"line":105,"column":66}},"33":{"start":{"line":108,"column":23},"end":{"line":110,"column":null}},"34":{"start":{"line":113,"column":4},"end":{"line":113,"column":52}},"35":{"start":{"line":115,"column":4},"end":{"line":115,"column":54}},"36":{"start":{"line":116,"column":4},"end":{"line":118,"column":6}},"37":{"start":{"line":98,"column":13},"end":{"line":98,"column":31}},"38":{"start":{"line":123,"column":35},"end":{"line":161,"column":2}},"39":{"start":{"line":126,"column":24},"end":{"line":161,"column":2}},"40":{"start":{"line":127,"column":2},"end":{"line":160,"column":3}},"41":{"start":{"line":128,"column":30},"end":{"line":128,"column":62}},"42":{"start":{"line":130,"column":4},"end":{"line":132,"column":5}},"43":{"start":{"line":131,"column":6},"end":{"line":131,"column":59}},"44":{"start":{"line":134,"column":19},"end":{"line":134,"column":53}},"45":{"start":{"line":137,"column":4},"end":{"line":146,"column":5}},"46":{"start":{"line":138,"column":29},"end":{"line":138,"column":65}},"47":{"start":{"line":140,"column":6},"end":{"line":142,"column":7}},"48":{"start":{"line":141,"column":8},"end":{"line":141,"column":68}},"49":{"start":{"line":144,"column":6},"end":{"line":145,"column":67}},"50":{"start":{"line":148,"column":29},"end":{"line":148,"column":71}},"51":{"start":{"line":150,"column":4},"end":{"line":152,"column":5}},"52":{"start":{"line":151,"column":6},"end":{"line":151,"column":66}},"53":{"start":{"line":154,"column":4},"end":{"line":154,"column":28}},"54":{"start":{"line":156,"column":4},"end":{"line":156,"column":54}},"55":{"start":{"line":157,"column":4},"end":{"line":159,"column":6}},"56":{"start":{"line":123,"column":13},"end":{"line":123,"column":35}},"57":{"start":{"line":164,"column":35},"end":{"line":179,"column":2}},"58":{"start":{"line":164,"column":71},"end":{"line":179,"column":2}},"59":{"start":{"line":165,"column":2},"end":{"line":178,"column":3}},"60":{"start":{"line":166,"column":30},"end":{"line":166,"column":62}},"61":{"start":{"line":168,"column":4},"end":{"line":170,"column":5}},"62":{"start":{"line":169,"column":6},"end":{"line":169,"column":59}},"63":{"start":{"line":172,"column":4},"end":{"line":172,"column":43}},"64":{"start":{"line":174,"column":4},"end":{"line":174,"column":54}},"65":{"start":{"line":175,"column":4},"end":{"line":177,"column":6}},"66":{"start":{"line":164,"column":13},"end":{"line":164,"column":35}}},"fnMap":{"0":{"name":"classifyText","decl":{"start":{"line":23,"column":15},"end":{"line":23,"column":27}},"loc":{"start":{"line":23,"column":40},"end":{"line":40,"column":null}}},"1":{"name":"(anonymous_10)","decl":{"start":{"line":43,"column":32},"end":{"line":43,"column":63}},"loc":{"start":{"line":43,"column":65},"end":{"line":66,"column":2}}},"2":{"name":"(anonymous_11)","decl":{"start":{"line":43,"column":65},"end":{"line":43,"column":null}},"loc":{"start":{"line":43,"column":65},"end":{"line":66,"column":1}}},"3":{"name":"(anonymous_12)","decl":{"start":{"line":49,"column":6},"end":{"line":49,"column":7}},"loc":{"start":{"line":49,"column":71},"end":{"line":56,"column":8}}},"4":{"name":"(anonymous_13)","decl":{"start":{"line":69,"column":32},"end":{"line":69,"column":null}},"loc":{"start":{"line":71,"column":31},"end":{"line":96,"column":2}}},"5":{"name":"(anonymous_14)","decl":{"start":{"line":71,"column":31},"end":{"line":71,"column":null}},"loc":{"start":{"line":71,"column":31},"end":{"line":96,"column":1}}},"6":{"name":"(anonymous_15)","decl":{"start":{"line":98,"column":31},"end":{"line":98,"column":null}},"loc":{"start":{"line":100,"column":31},"end":{"line":120,"column":2}}},"7":{"name":"(anonymous_16)","decl":{"start":{"line":100,"column":31},"end":{"line":100,"column":null}},"loc":{"start":{"line":100,"column":31},"end":{"line":120,"column":1}}},"8":{"name":"(anonymous_17)","decl":{"start":{"line":123,"column":35},"end":{"line":123,"column":null}},"loc":{"start":{"line":126,"column":24},"end":{"line":161,"column":2}}},"9":{"name":"(anonymous_18)","decl":{"start":{"line":126,"column":24},"end":{"line":126,"column":null}},"loc":{"start":{"line":126,"column":24},"end":{"line":161,"column":1}}},"10":{"name":"(anonymous_19)","decl":{"start":{"line":164,"column":35},"end":{"line":164,"column":42}},"loc":{"start":{"line":164,"column":71},"end":{"line":179,"column":2}}},"11":{"name":"(anonymous_20)","decl":{"start":{"line":164,"column":71},"end":{"line":164,"column":null}},"loc":{"start":{"line":164,"column":71},"end":{"line":179,"column":1}}}},"branchMap":{"0":{"loc":{"start":{"line":63,"column":6},"end":{"line":63,"column":76}},"type":"binary-expr","locations":[{"start":{"line":63,"column":6},"end":{"line":63,"column":19}},{"start":{"line":63,"column":23},"end":{"line":63,"column":76}}]},"1":{"loc":{"start":{"line":75,"column":4},"end":{"line":78,"column":5}},"type":"if","locations":[{"start":{"line":75,"column":4},"end":{"line":78,"column":5}}]},"2":{"loc":{"start":{"line":93,"column":6},"end":{"line":93,"column":76}},"type":"binary-expr","locations":[{"start":{"line":93,"column":6},"end":{"line":93,"column":19}},{"start":{"line":93,"column":23},"end":{"line":93,"column":76}}]},"3":{"loc":{"start":{"line":104,"column":4},"end":{"line":106,"column":5}},"type":"if","locations":[{"start":{"line":104,"column":4},"end":{"line":106,"column":5}}]},"4":{"loc":{"start":{"line":104,"column":8},"end":{"line":104,"column":51}},"type":"binary-expr","locations":[{"start":{"line":104,"column":8},"end":{"line":104,"column":23}},{"start":{"line":104,"column":27},"end":{"line":104,"column":51}}]},"5":{"loc":{"start":{"line":117,"column":6},"end":{"line":117,"column":75}},"type":"binary-expr","locations":[{"start":{"line":117,"column":6},"end":{"line":117,"column":19}},{"start":{"line":117,"column":23},"end":{"line":117,"column":75}}]},"6":{"loc":{"start":{"line":130,"column":4},"end":{"line":132,"column":5}},"type":"if","locations":[{"start":{"line":130,"column":4},"end":{"line":132,"column":5}}]},"7":{"loc":{"start":{"line":137,"column":4},"end":{"line":146,"column":5}},"type":"if","locations":[{"start":{"line":137,"column":4},"end":{"line":146,"column":5}}]},"8":{"loc":{"start":{"line":140,"column":6},"end":{"line":142,"column":7}},"type":"if","locations":[{"start":{"line":140,"column":6},"end":{"line":142,"column":7}}]},"9":{"loc":{"start":{"line":140,"column":10},"end":{"line":140,"column":53}},"type":"binary-expr","locations":[{"start":{"line":140,"column":10},"end":{"line":140,"column":25}},{"start":{"line":140,"column":29},"end":{"line":140,"column":53}}]},"10":{"loc":{"start":{"line":150,"column":4},"end":{"line":152,"column":5}},"type":"if","locations":[{"start":{"line":150,"column":4},"end":{"line":152,"column":5}}]},"11":{"loc":{"start":{"line":158,"column":6},"end":{"line":158,"column":79}},"type":"binary-expr","locations":[{"start":{"line":158,"column":6},"end":{"line":158,"column":19}},{"start":{"line":158,"column":23},"end":{"line":158,"column":79}}]},"12":{"loc":{"start":{"line":168,"column":4},"end":{"line":170,"column":5}},"type":"if","locations":[{"start":{"line":168,"column":4},"end":{"line":170,"column":5}}]},"13":{"loc":{"start":{"line":176,"column":6},"end":{"line":176,"column":79}},"type":"binary-expr","locations":[{"start":{"line":176,"column":6},"end":{"line":176,"column":19}},{"start":{"line":176,"column":23},"end":{"line":176,"column":79}}]}},"s":{"0":1,"1":1,"2":2,"3":2,"4":1,"5":1,"6":1,"7":0,"8":0,"9":0,"10":0,"11":0,"12":0,"13":0,"14":0,"15":1,"16":1,"17":0,"18":0,"19":0,"20":0,"21":0,"22":0,"23":0,"24":0,"25":0,"26":1,"27":1,"28":2,"29":2,"30":2,"31":1,"32":0,"33":1,"34":1,"35":1,"36":1,"37":1,"38":1,"39":0,"40":0,"41":0,"42":0,"43":0,"44":0,"45":0,"46":0,"47":0,"48":0,"49":0,"50":0,"51":0,"52":0,"53":0,"54":0,"55":0,"56":1,"57":1,"58":0,"59":0,"60":0,"61":0,"62":0,"63":0,"64":0,"65":0,"66":1},"f":{"0":2,"1":0,"2":0,"3":0,"4":0,"5":0,"6":2,"7":2,"8":0,"9":0,"10":0,"11":0},"b":{"0":[0,0],"1":[0],"2":[0,0],"3":[0],"4":[1,1],"5":[1,0],"6":[0],"7":[0],"8":[0],"9":[0,0],"10":[0],"11":[0,0],"12":[0],"13":[0,0]}}
}
