TN:
SF:src\config\db.ts
FN:15,(anonymous_7)
FN:15,(anonymous_8)
FNF:2
FNH:0
FNDA:0,(anonymous_7)
FNDA:0,(anonymous_8)
DA:1,5
DA:2,5
DA:4,5
DA:15,5
DA:16,0
DA:17,0
DA:19,0
DA:20,0
LF:8
LH:4
BRF:0
BRH:0
end_of_record
TN:
SF:src\config\env.config.ts
FNF:0
FNH:0
DA:1,5
DA:2,5
DA:4,5
LF:3
LH:3
BRF:0
BRH:0
end_of_record
TN:
SF:src\models\complaint.model.ts
FNF:0
FNH:0
DA:1,5
DA:2,5
DA:66,5
DA:79,5
DA:114,5
LF:5
LH:5
BRF:0
BRH:0
end_of_record
TN:
SF:src\repository\complaint.repository.ts
FN:8,(anonymous_8)
FN:10,(anonymous_9)
FN:19,(anonymous_10)
FN:21,(anonymous_11)
FN:30,(anonymous_12)
FN:32,(anonymous_13)
FN:42,(anonymous_14)
FN:45,(anonymous_15)
FN:58,(anonymous_16)
FN:58,(anonymous_17)
FNF:10
FNH:10
FNDA:2,(anonymous_8)
FNDA:2,(anonymous_9)
FNDA:3,(anonymous_10)
FNDA:3,(anonymous_11)
FNDA:2,(anonymous_12)
FNDA:2,(anonymous_13)
FNDA:3,(anonymous_14)
FNDA:3,(anonymous_15)
FNDA:2,(anonymous_16)
FNDA:2,(anonymous_17)
DA:2,5
DA:8,5
DA:10,2
DA:11,2
DA:12,2
DA:14,1
DA:19,5
DA:21,3
DA:22,3
DA:23,3
DA:25,1
DA:30,5
DA:32,2
DA:33,2
DA:34,2
DA:37,1
DA:42,5
DA:45,3
DA:46,3
DA:47,3
DA:51,2
DA:53,1
DA:58,5
DA:59,2
DA:60,2
DA:62,1
LF:26
LH:26
BRF:0
BRH:0
end_of_record
