TN:
SF:src\config\db.ts
FN:15,(anonymous_7)
FN:15,(anonymous_8)
FNF:2
FNH:0
FNDA:0,(anonymous_7)
FNDA:0,(anonymous_8)
DA:1,1
DA:2,1
DA:4,1
DA:15,1
DA:16,0
DA:17,0
DA:19,0
LF:7
LH:4
BRF:0
BRH:0
end_of_record
TN:
SF:src\config\env.config.ts
FNF:0
FNH:0
DA:1,1
DA:2,1
DA:4,1
LF:3
LH:3
BRF:0
BRH:0
end_of_record
TN:
SF:src\models\complaint.model.ts
FNF:0
FNH:0
DA:1,1
DA:2,1
DA:66,1
DA:79,1
DA:114,1
LF:5
LH:5
BRF:0
BRH:0
end_of_record
TN:
SF:src\repository\complaint.repository.ts
FN:7,(anonymous_8)
FN:9,(anonymous_9)
FN:14,(anonymous_10)
FN:16,(anonymous_11)
FN:21,(anonymous_12)
FN:23,(anonymous_13)
FN:28,(anonymous_14)
FN:31,(anonymous_15)
FN:41,(anonymous_16)
FN:41,(anonymous_17)
FNF:10
FNH:0
FNDA:0,(anonymous_8)
FNDA:0,(anonymous_9)
FNDA:0,(anonymous_10)
FNDA:0,(anonymous_11)
FNDA:0,(anonymous_12)
FNDA:0,(anonymous_13)
FNDA:0,(anonymous_14)
FNDA:0,(anonymous_15)
FNDA:0,(anonymous_16)
FNDA:0,(anonymous_17)
DA:1,1
DA:7,1
DA:9,0
DA:10,0
DA:14,1
DA:16,0
DA:17,0
DA:21,1
DA:23,0
DA:24,0
DA:28,1
DA:31,0
DA:32,0
DA:37,0
DA:41,1
DA:42,0
LF:16
LH:6
BRF:0
BRH:0
end_of_record
TN:
SF:src\services\complaint.service.ts
FN:23,classifyText
FN:43,(anonymous_10)
FN:43,(anonymous_11)
FN:49,(anonymous_12)
FN:69,(anonymous_13)
FN:71,(anonymous_14)
FN:98,(anonymous_15)
FN:100,(anonymous_16)
FN:123,(anonymous_17)
FN:126,(anonymous_18)
FN:164,(anonymous_19)
FN:164,(anonymous_20)
FNF:12
FNH:3
FNDA:2,classifyText
FNDA:0,(anonymous_10)
FNDA:0,(anonymous_11)
FNDA:0,(anonymous_12)
FNDA:0,(anonymous_13)
FNDA:0,(anonymous_14)
FNDA:2,(anonymous_15)
FNDA:2,(anonymous_16)
FNDA:0,(anonymous_17)
FNDA:0,(anonymous_18)
FNDA:0,(anonymous_19)
FNDA:0,(anonymous_20)
DA:7,1
DA:15,1
DA:24,2
DA:25,2
DA:32,1
DA:38,1
DA:43,1
DA:44,0
DA:45,0
DA:48,0
DA:49,0
DA:59,0
DA:61,0
DA:62,0
DA:69,1
DA:71,0
DA:72,0
DA:73,0
DA:75,0
DA:77,0
DA:80,0
DA:89,0
DA:91,0
DA:92,0
DA:98,1
DA:100,2
DA:101,2
DA:102,2
DA:104,1
DA:105,0
DA:108,1
DA:113,1
DA:115,1
DA:116,1
DA:123,1
DA:126,0
DA:127,0
DA:128,0
DA:130,0
DA:131,0
DA:134,0
DA:137,0
DA:138,0
DA:140,0
DA:141,0
DA:144,0
DA:148,0
DA:150,0
DA:151,0
DA:154,0
DA:156,0
DA:157,0
DA:164,1
DA:165,0
DA:166,0
DA:168,0
DA:169,0
DA:172,0
DA:174,0
DA:175,0
LF:60
LH:19
BRDA:63,0,0,0
BRDA:63,0,1,0
BRDA:75,1,0,0
BRDA:93,2,0,0
BRDA:93,2,1,0
BRDA:104,3,0,0
BRDA:104,4,0,1
BRDA:104,4,1,1
BRDA:117,5,0,1
BRDA:117,5,1,0
BRDA:130,6,0,0
BRDA:137,7,0,0
BRDA:140,8,0,0
BRDA:140,9,0,0
BRDA:140,9,1,0
BRDA:150,10,0,0
BRDA:158,11,0,0
BRDA:158,11,1,0
BRDA:168,12,0,0
BRDA:176,13,0,0
BRDA:176,13,1,0
BRF:21
BRH:3
end_of_record
